This is pdfTeX, Version 3.1415926-2.3-1.40.12 (TeX Live 2011) (format=pdflatex 2011.7.3)  28 MAR 2014 23:22
entering extended mode
 restricted \write18 enabled.
 %&-line parsing enabled.
**MSstats.tex
(./MSstats.tex
LaTeX2e <2009/09/24>
Babel <v3.8l> and hyphenation patterns for english, dumylang, nohyphenation, ge
rman-x-2009-06-19, ngerman-x-2009-06-19, afrikaans, ancientgreek, ibycus, arabi
c, armenian, basque, bulgarian, catalan, pinyin, coptic, croatian, czech, danis
h, dutch, ukenglish, usenglishmax, esperanto, estonian, ethiopic, farsi, finnis
h, french, galician, german, ngerman, swissgerman, monogreek, greek, hungarian,
 icelandic, assamese, bengali, gujarati, hindi, kannada, malayalam, marathi, or
iya, panjabi, tamil, telugu, indonesian, interlingua, irish, italian, kurmanji,
 lao, latin, latvian, lithuanian, mongolian, mongolianlmc, bokmal, nynorsk, pol
ish, portuguese, romanian, russian, sanskrit, serbian, serbianc, slovak, sloven
ian, spanish, swedish, turkish, turkmen, ukrainian, uppersorbian, welsh, loaded
.
(/usr/local/texlive/2011/texmf-dist/tex/latex/base/article.cls
Document Class: article 2007/10/19 v1.4h Standard LaTeX document class
(/usr/local/texlive/2011/texmf-dist/tex/latex/base/size11.clo
File: size11.clo 2007/10/19 v1.4h Standard LaTeX file (size option)
)
\c@part=\count79
\c@section=\count80
\c@subsection=\count81
\c@subsubsection=\count82
\c@paragraph=\count83
\c@subparagraph=\count84
\c@figure=\count85
\c@table=\count86
\abovecaptionskip=\skip41
\belowcaptionskip=\skip42
\bibindent=\dimen102
)
(/Library/Frameworks/R.framework/Resources/share/texmf/tex/latex/Sweave.sty
Package: Sweave 

(/usr/local/texlive/2011/texmf-dist/tex/latex/base/ifthen.sty
Package: ifthen 2001/05/26 v1.1c Standard LaTeX ifthen package (DPC)
)
(/usr/local/texlive/2011/texmf-dist/tex/latex/graphics/graphicx.sty
Package: graphicx 1999/02/16 v1.0f Enhanced LaTeX Graphics (DPC,SPQR)

(/usr/local/texlive/2011/texmf-dist/tex/latex/graphics/keyval.sty
Package: keyval 1999/03/16 v1.13 key=value parser (DPC)
\KV@toks@=\toks14
)
(/usr/local/texlive/2011/texmf-dist/tex/latex/graphics/graphics.sty
Package: graphics 2009/02/05 v1.0o Standard LaTeX Graphics (DPC,SPQR)

(/usr/local/texlive/2011/texmf-dist/tex/latex/graphics/trig.sty
Package: trig 1999/03/16 v1.09 sin cos tan (DPC)
)
(/usr/local/texlive/2011/texmf-dist/tex/latex/latexconfig/graphics.cfg
File: graphics.cfg 2010/04/23 v1.9 graphics configuration of TeX Live
)
Package graphics Info: Driver file: pdftex.def on input line 91.

(/usr/local/texlive/2011/texmf-dist/tex/latex/pdftex-def/pdftex.def
File: pdftex.def 2011/05/27 v0.06d Graphics/color for pdfTeX

(/usr/local/texlive/2011/texmf-dist/tex/generic/oberdiek/infwarerr.sty
Package: infwarerr 2010/04/08 v1.3 Providing info/warning/message (HO)
)
(/usr/local/texlive/2011/texmf-dist/tex/generic/oberdiek/ltxcmds.sty
Package: ltxcmds 2011/04/18 v1.20 LaTeX kernel commands for general use (HO)
)
\Gread@gobject=\count87
))
\Gin@req@height=\dimen103
\Gin@req@width=\dimen104
)
(/usr/local/texlive/2011/texmf-dist/tex/latex/fancyvrb/fancyvrb.sty
Package: fancyvrb 2008/02/07

Style option: `fancyvrb' v2.7a, with DG/SPQR fixes, and firstline=lastline fix 
<2008/02/07> (tvz)
\FV@CodeLineNo=\count88
\FV@InFile=\read1
\FV@TabBox=\box26
\c@FancyVerbLine=\count89
\FV@StepNumber=\count90
\FV@OutFile=\write3
)
(/usr/local/texlive/2011/texmf-dist/tex/latex/base/textcomp.sty
Package: textcomp 2005/09/27 v1.99g Standard LaTeX package
Package textcomp Info: Sub-encoding information:
(textcomp)               5 = only ISO-Adobe without \textcurrency
(textcomp)               4 = 5 + \texteuro
(textcomp)               3 = 4 + \textohm
(textcomp)               2 = 3 + \textestimated + \textcurrency
(textcomp)               1 = TS1 - \textcircled - \t
(textcomp)               0 = TS1 (full)
(textcomp)             Font families with sub-encoding setting implement
(textcomp)             only a restricted character set as indicated.
(textcomp)             Family '?' is the default used for unknown fonts.
(textcomp)             See the documentation for details.
Package textcomp Info: Setting ? sub-encoding to TS1/1 on input line 71.

(/usr/local/texlive/2011/texmf-dist/tex/latex/base/ts1enc.def
File: ts1enc.def 2001/06/05 v3.0e (jk/car/fm) Standard LaTeX file
)
LaTeX Info: Redefining \oldstylenums on input line 266.
Package textcomp Info: Setting cmr sub-encoding to TS1/0 on input line 281.
Package textcomp Info: Setting cmss sub-encoding to TS1/0 on input line 282.
Package textcomp Info: Setting cmtt sub-encoding to TS1/0 on input line 283.
Package textcomp Info: Setting cmvtt sub-encoding to TS1/0 on input line 284.
Package textcomp Info: Setting cmbr sub-encoding to TS1/0 on input line 285.
Package textcomp Info: Setting cmtl sub-encoding to TS1/0 on input line 286.
Package textcomp Info: Setting ccr sub-encoding to TS1/0 on input line 287.
Package textcomp Info: Setting ptm sub-encoding to TS1/4 on input line 288.
Package textcomp Info: Setting pcr sub-encoding to TS1/4 on input line 289.
Package textcomp Info: Setting phv sub-encoding to TS1/4 on input line 290.
Package textcomp Info: Setting ppl sub-encoding to TS1/3 on input line 291.
Package textcomp Info: Setting pag sub-encoding to TS1/4 on input line 292.
Package textcomp Info: Setting pbk sub-encoding to TS1/4 on input line 293.
Package textcomp Info: Setting pnc sub-encoding to TS1/4 on input line 294.
Package textcomp Info: Setting pzc sub-encoding to TS1/4 on input line 295.
Package textcomp Info: Setting bch sub-encoding to TS1/4 on input line 296.
Package textcomp Info: Setting put sub-encoding to TS1/5 on input line 297.
Package textcomp Info: Setting uag sub-encoding to TS1/5 on input line 298.
Package textcomp Info: Setting ugq sub-encoding to TS1/5 on input line 299.
Package textcomp Info: Setting ul8 sub-encoding to TS1/4 on input line 300.
Package textcomp Info: Setting ul9 sub-encoding to TS1/4 on input line 301.
Package textcomp Info: Setting augie sub-encoding to TS1/5 on input line 302.
Package textcomp Info: Setting dayrom sub-encoding to TS1/3 on input line 303.
Package textcomp Info: Setting dayroms sub-encoding to TS1/3 on input line 304.

Package textcomp Info: Setting pxr sub-encoding to TS1/0 on input line 305.
Package textcomp Info: Setting pxss sub-encoding to TS1/0 on input line 306.
Package textcomp Info: Setting pxtt sub-encoding to TS1/0 on input line 307.
Package textcomp Info: Setting txr sub-encoding to TS1/0 on input line 308.
Package textcomp Info: Setting txss sub-encoding to TS1/0 on input line 309.
Package textcomp Info: Setting txtt sub-encoding to TS1/0 on input line 310.
Package textcomp Info: Setting futs sub-encoding to TS1/4 on input line 311.
Package textcomp Info: Setting futx sub-encoding to TS1/4 on input line 312.
Package textcomp Info: Setting futj sub-encoding to TS1/4 on input line 313.
Package textcomp Info: Setting hlh sub-encoding to TS1/3 on input line 314.
Package textcomp Info: Setting hls sub-encoding to TS1/3 on input line 315.
Package textcomp Info: Setting hlst sub-encoding to TS1/3 on input line 316.
Package textcomp Info: Setting hlct sub-encoding to TS1/5 on input line 317.
Package textcomp Info: Setting hlx sub-encoding to TS1/5 on input line 318.
Package textcomp Info: Setting hlce sub-encoding to TS1/5 on input line 319.
Package textcomp Info: Setting hlcn sub-encoding to TS1/5 on input line 320.
Package textcomp Info: Setting hlcw sub-encoding to TS1/5 on input line 321.
Package textcomp Info: Setting hlcf sub-encoding to TS1/5 on input line 322.
Package textcomp Info: Setting pplx sub-encoding to TS1/3 on input line 323.
Package textcomp Info: Setting pplj sub-encoding to TS1/3 on input line 324.
Package textcomp Info: Setting ptmx sub-encoding to TS1/4 on input line 325.
Package textcomp Info: Setting ptmj sub-encoding to TS1/4 on input line 326.
)
(/usr/local/texlive/2011/texmf-dist/tex/latex/base/fontenc.sty
Package: fontenc 2005/09/27 v1.99g Standard LaTeX package

(/usr/local/texlive/2011/texmf-dist/tex/latex/base/t1enc.def
File: t1enc.def 2005/09/27 v1.99g Standard LaTeX file
LaTeX Font Info:    Redeclaring font encoding T1 on input line 43.
))
(/usr/local/texlive/2011/texmf-dist/tex/latex/ae/ae.sty
Package: ae 2001/02/12 1.3 Almost European Computer Modern

(/usr/local/texlive/2011/texmf-dist/tex/latex/base/fontenc.sty
Package: fontenc 2005/09/27 v1.99g Standard LaTeX package

(/usr/local/texlive/2011/texmf-dist/tex/latex/base/t1enc.def
File: t1enc.def 2005/09/27 v1.99g Standard LaTeX file
LaTeX Font Info:    Redeclaring font encoding T1 on input line 43.
)
LaTeX Font Info:    Try loading font information for T1+aer on input line 100.

(/usr/local/texlive/2011/texmf-dist/tex/latex/ae/t1aer.fd
File: t1aer.fd 1997/11/16 Font definitions for T1/aer.
))))
(/usr/local/texlive/2011/texmf-dist/tex/latex/graphics/color.sty
Package: color 2005/11/14 v1.0j Standard LaTeX Color (DPC)

(/usr/local/texlive/2011/texmf-dist/tex/latex/latexconfig/color.cfg
File: color.cfg 2007/01/18 v1.5 color configuration of teTeX/TeXLive
)
Package color Info: Driver file: pdftex.def on input line 130.
)
(/usr/local/texlive/2011/texmf-dist/tex/latex/hyperref/hyperref.sty
Package: hyperref 2011/04/17 v6.82g Hypertext links for LaTeX

(/usr/local/texlive/2011/texmf-dist/tex/generic/oberdiek/hobsub-hyperref.sty
Package: hobsub-hyperref 2011/04/23 v1.4 Bundle oberdiek, subset hyperref (HO)

(/usr/local/texlive/2011/texmf-dist/tex/generic/oberdiek/hobsub-generic.sty
Package: hobsub-generic 2011/04/23 v1.4 Bundle oberdiek, subset generic (HO)
Package: hobsub 2011/04/23 v1.4 Subsetting bundle oberdiek (HO)
Package hobsub Info: Skipping package `infwarerr' (already loaded).
Package hobsub Info: Skipping package `ltxcmds' (already loaded).
Package: ifluatex 2010/03/01 v1.3 Provides the ifluatex switch (HO)
Package ifluatex Info: LuaTeX not detected.
Package: ifvtex 2010/03/01 v1.5 Switches for detecting VTeX and its modes (HO)
Package ifvtex Info: VTeX not detected.
Package: intcalc 2007/09/27 v1.1 Expandable integer calculations (HO)
Package: ifpdf 2011/01/30 v2.3 Provides the ifpdf switch (HO)
Package ifpdf Info: pdfTeX in PDF mode is detected.
Package: etexcmds 2011/02/16 v1.5 Prefix for e-TeX command names (HO)
Package etexcmds Info: Could not find \expanded.
(etexcmds)             That can mean that you are not using pdfTeX 1.50 or
(etexcmds)             that some package has redefined \expanded.
(etexcmds)             In the latter case, load this package earlier.
Package: kvsetkeys 2011/04/07 v1.13 Key value parser (HO)
Package: kvdefinekeys 2011/04/07 v1.3 Defining keys (HO)
Package: pdftexcmds 2011/04/22 v0.16 Utilities of pdfTeX for LuaTeX (HO)
Package pdftexcmds Info: LuaTeX not detected.
Package pdftexcmds Info: \pdf@primitive is available.
Package pdftexcmds Info: \pdf@ifprimitive is available.
Package pdftexcmds Info: \pdfdraftmode found.
Package: pdfescape 2011/04/04 v1.12 Provides string conversions (HO)
Package: bigintcalc 2011/01/30 v1.2 Expandable big integer calculations (HO)
Package: bitset 2011/01/30 v1.1 Data type bit set (HO)
Package: uniquecounter 2011/01/30 v1.2 Provides unlimited unique counter (HO)
)
Package hobsub Info: Skipping package `hobsub' (already loaded).
Package: letltxmacro 2010/09/02 v1.4 Let assignment for LaTeX macros (HO)
Package: hopatch 2011/01/30 v1.0 Wrapper for package hooks (HO)
Package: xcolor-patch 2011/01/30 xcolor patch
Package: atveryend 2011/04/23 v1.7 Hooks at very end of document (HO)
Package atveryend Info: \enddocument detected (standard).
Package: atbegshi 2011/01/30 v1.15 At begin shipout hook (HO)
Package: refcount 2010/12/01 v3.2 Data extraction from references (HO)
Package: hycolor 2011/01/30 v1.7 Color options of hyperref/bookmark (HO)
)
(/usr/local/texlive/2011/texmf-dist/tex/generic/ifxetex/ifxetex.sty
Package: ifxetex 2010/09/12 v0.6 Provides ifxetex conditional
)
(/usr/local/texlive/2011/texmf-dist/tex/latex/oberdiek/kvoptions.sty
Package: kvoptions 2010/12/23 v3.10 Keyval support for LaTeX options (HO)
)
\@linkdim=\dimen105
\Hy@linkcounter=\count91
\Hy@pagecounter=\count92

(/usr/local/texlive/2011/texmf-dist/tex/latex/hyperref/pd1enc.def
File: pd1enc.def 2011/04/17 v6.82g Hyperref: PDFDocEncoding definition (HO)
)
\Hy@SavedSpaceFactor=\count93

(/usr/local/texlive/2011/texmf-dist/tex/latex/latexconfig/hyperref.cfg
File: hyperref.cfg 2002/06/06 v1.2 hyperref configuration of TeXLive
)
Package hyperref Info: Option `bookmarks' set `true' on input line 3905.
Package hyperref Info: Option `colorlinks' set `true' on input line 3905.


Package hyperref Warning: Option `pagecolor' is not available anymore.

Package hyperref Info: Option `raiselinks' set `true' on input line 3905.
Package hyperref Info: Option `plainpages' set `true' on input line 3905.
Package hyperref Info: Hyper figures OFF on input line 4026.
Package hyperref Info: Link nesting OFF on input line 4031.
Package hyperref Info: Hyper index ON on input line 4034.
Package hyperref Info: Plain pages ON on input line 4039.
Package hyperref Info: Backreferencing ON on input line 4044.
Package hyperref Info: Implicit mode ON; LaTeX internals redefined.
Package hyperref Info: Bookmarks ON on input line 4264.
(/usr/local/texlive/2011/texmf-dist/tex/latex/hyperref/backref.sty
Package: backref 2010/08/30 v1.36 Bibliographical back referencing

(/usr/local/texlive/2011/texmf-dist/tex/latex/oberdiek/rerunfilecheck.sty
Package: rerunfilecheck 2011/04/15 v1.7 Rerun checks for auxiliary files (HO)
Package uniquecounter Info: New unique counter `rerunfilecheck' on input line 2
82.
))
\c@Hy@tempcnt=\count94

(/usr/local/texlive/2011/texmf-dist/tex/latex/url/url.sty
\Urlmuskip=\muskip10
Package: url 2006/04/12  ver 3.3  Verb mode for urls, etc.
)
LaTeX Info: Redefining \url on input line 4617.
\Fld@menulength=\count95
\Field@Width=\dimen106
\Fld@charsize=\dimen107
Package hyperref Info: Hyper figures OFF on input line 5701.
Package hyperref Info: Link nesting OFF on input line 5706.
Package hyperref Info: Hyper index ON on input line 5709.
Package hyperref Info: backreferencing ON on input line 5714.
Package hyperref Info: Link coloring ON on input line 5719.
Package hyperref Info: Link coloring with OCG OFF on input line 5726.
Package hyperref Info: PDF/A mode OFF on input line 5731.
LaTeX Info: Redefining \ref on input line 5771.
LaTeX Info: Redefining \pageref on input line 5775.
\Hy@abspage=\count96
\c@Item=\count97
\c@Hfootnote=\count98
)

Package hyperref Message: Driver: hpdftex.

(/usr/local/texlive/2011/texmf-dist/tex/latex/hyperref/hpdftex.def
File: hpdftex.def 2011/04/17 v6.82g Hyperref driver for pdfTeX
\Fld@listcount=\count99
\c@bookmark@seq@number=\count100
\Hy@SectionHShift=\skip43
)
(/usr/local/texlive/2011/texmf-dist/tex/latex/amsmath/amsmath.sty
Package: amsmath 2000/07/18 v2.13 AMS math features
\@mathmargin=\skip44

For additional information on amsmath, use the `?' option.
(/usr/local/texlive/2011/texmf-dist/tex/latex/amsmath/amstext.sty
Package: amstext 2000/06/29 v2.01

(/usr/local/texlive/2011/texmf-dist/tex/latex/amsmath/amsgen.sty
File: amsgen.sty 1999/11/30 v2.0
\@emptytoks=\toks15
\ex@=\dimen108
))
(/usr/local/texlive/2011/texmf-dist/tex/latex/amsmath/amsbsy.sty
Package: amsbsy 1999/11/29 v1.2d
\pmbraise@=\dimen109
)
(/usr/local/texlive/2011/texmf-dist/tex/latex/amsmath/amsopn.sty
Package: amsopn 1999/12/14 v2.01 operator names
)
\inf@bad=\count101
LaTeX Info: Redefining \frac on input line 211.
\uproot@=\count102
\leftroot@=\count103
LaTeX Info: Redefining \overline on input line 307.
\classnum@=\count104
\DOTSCASE@=\count105
LaTeX Info: Redefining \ldots on input line 379.
LaTeX Info: Redefining \dots on input line 382.
LaTeX Info: Redefining \cdots on input line 467.
\Mathstrutbox@=\box27
\strutbox@=\box28
\big@size=\dimen110
LaTeX Font Info:    Redeclaring font encoding OML on input line 567.
LaTeX Font Info:    Redeclaring font encoding OMS on input line 568.
\macc@depth=\count106
\c@MaxMatrixCols=\count107
\dotsspace@=\muskip11
\c@parentequation=\count108
\dspbrk@lvl=\count109
\tag@help=\toks16
\row@=\count110
\column@=\count111
\maxfields@=\count112
\andhelp@=\toks17
\eqnshift@=\dimen111
\alignsep@=\dimen112
\tagshift@=\dimen113
\tagwidth@=\dimen114
\totwidth@=\dimen115
\lineht@=\dimen116
\@envbody=\toks18
\multlinegap=\skip45
\multlinetaggap=\skip46
\mathdisplay@stack=\toks19
LaTeX Info: Redefining \[ on input line 2666.
LaTeX Info: Redefining \] on input line 2667.
)
(/usr/local/texlive/2011/texmf-dist/tex/latex/amsfonts/amsfonts.sty
Package: amsfonts 2009/06/22 v3.00 Basic AMSFonts support
\symAMSa=\mathgroup4
\symAMSb=\mathgroup5
LaTeX Font Info:    Overwriting math alphabet `\mathfrak' in version `bold'
(Font)                  U/euf/m/n --> U/euf/b/n on input line 96.
)
(/usr/local/texlive/2011/texmf-dist/tex/latex/amscls/amsthm.sty
Package: amsthm 2009/07/02 v2.20.1
\thm@style=\toks20
\thm@bodyfont=\toks21
\thm@headfont=\toks22
\thm@notefont=\toks23
\thm@headpunct=\toks24
\thm@preskip=\skip47
\thm@postskip=\skip48
\thm@headsep=\skip49
\dth@everypar=\toks25
) (./natbib.sty
Package: natbib 2000/07/24 7.0a (PWD)
\bibhang=\skip50
\bibsep=\skip51
LaTeX Info: Redefining \cite on input line 508.
\c@NAT@ctr=\count113
) (./MSstats.aux)
\openout1 = `MSstats.aux'.

LaTeX Font Info:    Checking defaults for OML/cmm/m/it on input line 64.
LaTeX Font Info:    ... okay on input line 64.
LaTeX Font Info:    Checking defaults for T1/cmr/m/n on input line 64.
LaTeX Font Info:    ... okay on input line 64.
LaTeX Font Info:    Checking defaults for OT1/cmr/m/n on input line 64.
LaTeX Font Info:    ... okay on input line 64.
LaTeX Font Info:    Checking defaults for OMS/cmsy/m/n on input line 64.
LaTeX Font Info:    ... okay on input line 64.
LaTeX Font Info:    Checking defaults for OMX/cmex/m/n on input line 64.
LaTeX Font Info:    ... okay on input line 64.
LaTeX Font Info:    Checking defaults for U/cmr/m/n on input line 64.
LaTeX Font Info:    ... okay on input line 64.
LaTeX Font Info:    Checking defaults for TS1/cmr/m/n on input line 64.
LaTeX Font Info:    Try loading font information for TS1+cmr on input line 64.
 (/usr/local/texlive/2011/texmf-dist/tex/latex/base/ts1cmr.fd
File: ts1cmr.fd 1999/05/25 v2.5h Standard LaTeX font definitions
)
LaTeX Font Info:    ... okay on input line 64.
LaTeX Font Info:    Checking defaults for PD1/pdf/m/n on input line 64.
LaTeX Font Info:    ... okay on input line 64.

(/usr/local/texlive/2011/texmf-dist/tex/context/base/supp-pdf.mkii
[Loading MPS to PDF converter (version 2006.09.02).]
\scratchcounter=\count114
\scratchdimen=\dimen117
\scratchbox=\box29
\nofMPsegments=\count115
\nofMParguments=\count116
\everyMPshowfont=\toks26
\MPscratchCnt=\count117
\MPscratchDim=\dimen118
\MPnumerator=\count118
\makeMPintoPDFobject=\count119
\everyMPtoPDFconversion=\toks27
) (/usr/local/texlive/2011/texmf-dist/tex/latex/oberdiek/epstopdf-base.sty
Package: epstopdf-base 2010/02/09 v2.5 Base part for package epstopdf

(/usr/local/texlive/2011/texmf-dist/tex/latex/oberdiek/grfext.sty
Package: grfext 2010/08/19 v1.1 Managing graphics extensions (HO)
)
Package grfext Info: Graphics extension search list:
(grfext)             [.png,.pdf,.jpg,.mps,.jpeg,.jbig2,.jb2,.PNG,.PDF,.JPG,.JPE
G,.JBIG2,.JB2,.eps]
(grfext)             \AppendGraphicsExtensions on input line 452.

(/usr/local/texlive/2011/texmf-dist/tex/latex/latexconfig/epstopdf-sys.cfg
File: epstopdf-sys.cfg 2010/07/13 v1.3 Configuration of (r)epstopdf for TeX Liv
e
))
\AtBeginShipoutBox=\box30
Package backref Info: ** backref set up for natbib ** on input line 64.
Package hyperref Info: Link coloring ON on input line 64.

(/usr/local/texlive/2011/texmf-dist/tex/latex/hyperref/nameref.sty
Package: nameref 2010/04/30 v2.40 Cross-referencing by name of section

(/usr/local/texlive/2011/texmf-dist/tex/generic/oberdiek/gettitlestring.sty
Package: gettitlestring 2010/12/03 v1.4 Cleanup title references (HO)
)
\c@section@level=\count120
)
LaTeX Info: Redefining \ref on input line 64.
LaTeX Info: Redefining \pageref on input line 64.
LaTeX Info: Redefining \nameref on input line 64.

(./MSstats.out) (./MSstats.out)
\@outlinefile=\write4
\openout4 = `MSstats.out'.

 (./MSstats-concordance.tex)
LaTeX Font Info:    Try loading font information for U+msa on input line 71.

(/usr/local/texlive/2011/texmf-dist/tex/latex/amsfonts/umsa.fd
File: umsa.fd 2009/06/22 v3.00 AMS symbols A
)
LaTeX Font Info:    Try loading font information for U+msb on input line 71.

(/usr/local/texlive/2011/texmf-dist/tex/latex/amsfonts/umsb.fd
File: umsb.fd 2009/06/22 v3.00 AMS symbols B
)
LaTeX Font Info:    Try loading font information for T1+aett on input line 71.

(/usr/local/texlive/2011/texmf-dist/tex/latex/ae/t1aett.fd
File: t1aett.fd 1997/11/16 Font definitions for T1/aett.
) (./MSstats.toc
Overfull \vbox (21.68121pt too high) has occurred while \output is active []


[1

{/usr/local/texlive/2011/texmf-var/fonts/map/pdftex/updmap/pdftex.map}])
\tf@toc=\write5
\openout5 = `MSstats.toc'.


Overfull \vbox (21.68121pt too high) has occurred while \output is active []


[2]
Overfull \vbox (21.68121pt too high) has occurred while \output is active []


[3]
LaTeX Font Info:    Try loading font information for TS1+aer on input line 122.

 (/Library/Frameworks/R.framework/Resources/share/texmf/tex/latex/ts1aer.fd
File: ts1aer.fd 
)
LaTeX Font Info:    Font shape `TS1/aer/m/n' in size <10.95> not available
(Font)              Font shape `TS1/cmr/m/n' tried instead on input line 122.

Overfull \vbox (21.68121pt too high) has occurred while \output is active []


[4] <MSstatsOverviewDiagram.pdf, id=324, 1445.4pt x 1445.4pt>
File: MSstatsOverviewDiagram.pdf Graphic file (type pdf)

<use MSstatsOverviewDiagram.pdf>
Package pdftex.def Info: MSstatsOverviewDiagram.pdf used on input line 150.
(pdftex.def)             Requested size: 4336.18945pt x 4336.18945pt.


LaTeX Warning: `!h' float specifier changed to `!ht'.


Overfull \vbox (21.68121pt too high) has occurred while \output is active []


[5]
Overfull \vbox (21.68121pt too high) has occurred while \output is active []


[6 <./MSstatsOverviewDiagram.pdf>]
Overfull \vbox (21.68121pt too high) has occurred while \output is active []


[7

] <requiredInput.jpg, id=403, 670.505pt x 191.71625pt>
File: requiredInput.jpg Graphic file (type jpg)

<use requiredInput.jpg>
Package pdftex.def Info: requiredInput.jpg used on input line 218.
(pdftex.def)             Requested size: 397.47705pt x 108.40764pt.

Overfull \vbox (21.68121pt too high) has occurred while \output is active []


[8 <./requiredInput.jpg>]

LaTeX Warning: `!h' float specifier changed to `!ht'.


Overfull \vbox (21.68121pt too high) has occurred while \output is active []


[9]

LaTeX Warning: `!h' float specifier changed to `!ht'.


Package hyperref Warning: Token not allowed in a PDF string (PDFDocEncoding):
(hyperref)                removing `math shift' on input line 330.


Package hyperref Warning: Token not allowed in a PDF string (PDFDocEncoding):
(hyperref)                removing `math shift' on input line 330.


Overfull \vbox (21.68121pt too high) has occurred while \output is active []


[10] <required_LCMS.png, id=429, 745.78625pt x 197.73875pt>
File: required_LCMS.png Graphic file (type png)

<use required_LCMS.png>
Package pdftex.def Info: required_LCMS.png used on input line 346.
(pdftex.def)             Requested size: 397.48389pt x 108.40665pt.


Package hyperref Warning: Token not allowed in a PDF string (PDFDocEncoding):
(hyperref)                removing `math shift' on input line 361.


Package hyperref Warning: Token not allowed in a PDF string (PDFDocEncoding):
(hyperref)                removing `math shift' on input line 361.


Overfull \vbox (21.68121pt too high) has occurred while \output is active []


[11 <./required_LCMS.png>] <required_DIA.png, id=439, 998.73125pt x 248.93pt>
File: required_DIA.png Graphic file (type png)

<use required_DIA.png>
Package pdftex.def Info: required_DIA.png used on input line 379.
(pdftex.def)             Requested size: 397.47382pt x 108.40521pt.


Package hyperref Warning: Token not allowed in a PDF string (PDFDocEncoding):
(hyperref)                removing `math shift' on input line 393.


Package hyperref Warning: Token not allowed in a PDF string (PDFDocEncoding):
(hyperref)                removing `math shift' on input line 393.


Overfull \vbox (21.68121pt too high) has occurred while \output is active []


[12 <./required_DIA.png>]
Overfull \vbox (21.68121pt too high) has occurred while \output is active []


[13

]
Overfull \vbox (21.68121pt too high) has occurred while \output is active []


[14]
Overfull \vbox (21.68121pt too high) has occurred while \output is active []


[15]

pdfTeX warning: /usr/local/texlive/2011/bin/x86_64-darwin/pdflatex (file ./QCPl
ot_all_before.pdf): PDF inclusion: found PDF version <1.6>, but at most version
 <1.5> allowed
<QCPlot_all_before.pdf, id=475, 505.89pt x 505.89pt>
File: QCPlot_all_before.pdf Graphic file (type pdf)

<use QCPlot_all_before.pdf>
Package pdftex.def Info: QCPlot_all_before.pdf used on input line 590.
(pdftex.def)             Requested size: 162.6075pt x 162.60599pt.


pdfTeX warning: /usr/local/texlive/2011/bin/x86_64-darwin/pdflatex (file ./QCPl
ot_all_constant.pdf): PDF inclusion: found PDF version <1.6>, but at most versi
on <1.5> allowed
<QCPlot_all_constant.pdf, id=476, 505.89pt x 505.89pt>
File: QCPlot_all_constant.pdf Graphic file (type pdf)

<use QCPlot_all_constant.pdf>
Package pdftex.def Info: QCPlot_all_constant.pdf used on input line 592.
(pdftex.def)             Requested size: 162.6075pt x 162.60599pt.


pdfTeX warning: /usr/local/texlive/2011/bin/x86_64-darwin/pdflatex (file ./QCPl
ot_all_quantile.pdf): PDF inclusion: found PDF version <1.6>, but at most versi
on <1.5> allowed
<QCPlot_all_quantile.pdf, id=477, 505.89pt x 505.89pt>
File: QCPlot_all_quantile.pdf Graphic file (type pdf)

<use QCPlot_all_quantile.pdf>
Package pdftex.def Info: QCPlot_all_quantile.pdf used on input line 593.
(pdftex.def)             Requested size: 162.6075pt x 162.60599pt.

Overfull \vbox (21.68121pt too high) has occurred while \output is active []


[16]
Overfull \vbox (21.68121pt too high) has occurred while \output is active []


[17 <./QCPlot_all_before.pdf> <./QCPlot_all_constant.pdf> <./QCPlot_all_quantil
e.pdf>]

pdfTeX warning: /usr/local/texlive/2011/bin/x86_64-darwin/pdflatex (file ./Prof
ilePlot1.pdf): PDF inclusion: found PDF version <1.6>, but at most version <1.5
> allowed
<ProfilePlot1.pdf, id=509, 505.89pt x 505.89pt>
File: ProfilePlot1.pdf Graphic file (type pdf)
 <use ProfilePlot1.pdf>
Package pdftex.def Info: ProfilePlot1.pdf used on input line 615.
(pdftex.def)             Requested size: 162.6075pt x 162.60599pt.


pdfTeX warning: /usr/local/texlive/2011/bin/x86_64-darwin/pdflatex (file ./Prof
ilePlot2.pdf): PDF inclusion: found PDF version <1.6>, but at most version <1.5
> allowed
<ProfilePlot2.pdf, id=510, 505.89pt x 505.89pt>
File: ProfilePlot2.pdf Graphic file (type pdf)
 <use ProfilePlot2.pdf>
Package pdftex.def Info: ProfilePlot2.pdf used on input line 616.
(pdftex.def)             Requested size: 162.6075pt x 162.60599pt.


pdfTeX warning: /usr/local/texlive/2011/bin/x86_64-darwin/pdflatex (file ./Cond
itionPlot1.pdf): PDF inclusion: found PDF version <1.6>, but at most version <1
.5> allowed
<ConditionPlot1.pdf, id=511, 505.89pt x 505.89pt>
File: ConditionPlot1.pdf Graphic file (type pdf)
 <use ConditionPlot1.pdf>
Package pdftex.def Info: ConditionPlot1.pdf used on input line 636.
(pdftex.def)             Requested size: 162.6075pt x 162.60599pt.


pdfTeX warning: /usr/local/texlive/2011/bin/x86_64-darwin/pdflatex (file ./Cond
itionPlot2.pdf): PDF inclusion: found PDF version <1.6>, but at most version <1
.5> allowed
<ConditionPlot2.pdf, id=512, 505.89pt x 505.89pt>
File: ConditionPlot2.pdf Graphic file (type pdf)
 <use ConditionPlot2.pdf>
Package pdftex.def Info: ConditionPlot2.pdf used on input line 637.
(pdftex.def)             Requested size: 162.6075pt x 162.60599pt.

Overfull \vbox (21.68121pt too high) has occurred while \output is active []


[18

 <./ProfilePlot1.pdf> <./ProfilePlot2.pdf> <./ConditionPlot1.pdf> <./ConditionP
lot2.pdf>]
Overfull \hbox (6.34265pt too wide) in paragraph at lines 659--660
[]\T1/aer/m/it/10.95 Scope of bi-ol-gi-cal repli-ca-tion\T1/aer/m/n/10.95 : \T1
/aett/m/n/10.95 scope-Of-BioRepli-ca-tion="expanded" \T1/aer/m/n/10.95 states t
hat the model-
 []


Overfull \vbox (21.68121pt too high) has occurred while \output is active []


[19]
Overfull \vbox (21.68121pt too high) has occurred while \output is active []


[20]
Overfull \vbox (21.68121pt too high) has occurred while \output is active []


[21]
Overfull \hbox (36.10889pt too wide) in paragraph at lines 761--762
\T1/aer/m/n/10.95 tion \T1/aett/m/n/10.95 mod-el-BasedQC-Plots \T1/aer/m/n/10.9
5 with the op-tion \T1/aett/m/n/10.95 type="QQPlots"\T1/aer/m/n/10.95 . With th
e op-tion \T1/aett/m/n/10.95 fea-ture.QQPlots="all"\T1/aer/m/n/10.95 ,
 []



pdfTeX warning: /usr/local/texlive/2011/bin/x86_64-darwin/pdflatex (file ./Resi
dualPlot2.pdf): PDF inclusion: found PDF version <1.6>, but at most version <1.
5> allowed
<ResidualPlot2.pdf, id=582, 503.63557pt x 466.68454pt>
File: ResidualPlot2.pdf Graphic file (type pdf)
 <use ResidualPlot2.pdf>
Package pdftex.def Info: ResidualPlot2.pdf used on input line 800.
(pdftex.def)             Requested size: 162.6075pt x 150.67372pt.


pdfTeX warning: /usr/local/texlive/2011/bin/x86_64-darwin/pdflatex (file ./QQPl
ot2.pdf): PDF inclusion: found PDF version <1.6>, but at most version <1.5> all
owed
<QQPlot2.pdf, id=583, 490.81856pt x 462.16867pt>
File: QQPlot2.pdf Graphic file (type pdf)
 <use QQPlot2.pdf>
Package pdftex.def Info: QQPlot2.pdf used on input line 801.
(pdftex.def)             Requested size: 162.6075pt x 153.11555pt.

<SRM_QQPlot_perFeature_heavy.pdf, id=584, 429.09767pt x 403.24805pt>
File: SRM_QQPlot_perFeature_heavy.pdf Graphic file (type pdf)

<use SRM_QQPlot_perFeature_heavy.pdf>
Package pdftex.def Info: SRM_QQPlot_perFeature_heavy.pdf used on input line 803
.
(pdftex.def)             Requested size: 162.6075pt x 152.81128pt.

<SRM_QQPlot_perFeature_light.pdf, id=585, 429.09767pt x 401.30962pt>
File: SRM_QQPlot_perFeature_light.pdf Graphic file (type pdf)

<use SRM_QQPlot_perFeature_light.pdf>
Package pdftex.def Info: SRM_QQPlot_perFeature_light.pdf used on input line 805
.
(pdftex.def)             Requested size: 162.6075pt x 152.07672pt.

Overfull \vbox (21.68121pt too high) has occurred while \output is active []


[22]
Overfull \vbox (21.68121pt too high) has occurred while \output is active []


[23 <./ResidualPlot2.pdf> <./QQPlot2.pdf> <./SRM_QQPlot_perFeature_heavy.pdf> <
./SRM_QQPlot_perFeature_light.pdf>]

pdfTeX warning: /usr/local/texlive/2011/bin/x86_64-darwin/pdflatex (file ./Volc
anoYeast1.pdf): PDF inclusion: found PDF version <1.6>, but at most version <1.
5> allowed
<VolcanoYeast1.pdf, id=670, 505.89pt x 476.98201pt>
File: VolcanoYeast1.pdf Graphic file (type pdf)
 <use VolcanoYeast1.pdf>
Package pdftex.def Info: VolcanoYeast1.pdf used on input line 841.
(pdftex.def)             Requested size: 162.6075pt x 153.31422pt.


pdfTeX warning: /usr/local/texlive/2011/bin/x86_64-darwin/pdflatex (file ./Volc
anoYeast2.pdf): PDF inclusion: found PDF version <1.6>, but at most version <1.
5> allowed
<VolcanoYeast2.pdf, id=671, 505.89pt x 476.98201pt>
File: VolcanoYeast2.pdf Graphic file (type pdf)
 <use VolcanoYeast2.pdf>
Package pdftex.def Info: VolcanoYeast2.pdf used on input line 842.
(pdftex.def)             Requested size: 162.6075pt x 153.31422pt.


pdfTeX warning: /usr/local/texlive/2011/bin/x86_64-darwin/pdflatex (file ./Volc
ano45Yeast1.pdf): PDF inclusion: found PDF version <1.6>, but at most version <
1.5> allowed
<Volcano45Yeast1.pdf, id=672, 505.89pt x 476.98201pt>
File: Volcano45Yeast1.pdf Graphic file (type pdf)

<use Volcano45Yeast1.pdf>
Package pdftex.def Info: Volcano45Yeast1.pdf used on input line 845.
(pdftex.def)             Requested size: 162.6075pt x 153.31422pt.


pdfTeX warning: /usr/local/texlive/2011/bin/x86_64-darwin/pdflatex (file ./Volc
ano45Yeast2.pdf): PDF inclusion: found PDF version <1.6>, but at most version <
1.5> allowed
<Volcano45Yeast2.pdf, id=673, 505.89pt x 476.98201pt>
File: Volcano45Yeast2.pdf Graphic file (type pdf)

<use Volcano45Yeast2.pdf>
Package pdftex.def Info: Volcano45Yeast2.pdf used on input line 846.
(pdftex.def)             Requested size: 162.6075pt x 153.31422pt.


LaTeX Warning: `!h' float specifier changed to `!ht'.


Overfull \vbox (21.68121pt too high) has occurred while \output is active []


[24

]
Overfull \vbox (21.68121pt too high) has occurred while \output is active []


[25 <./VolcanoYeast1.pdf> <./VolcanoYeast2.pdf> <./Volcano45Yeast1.pdf> <./Volc
ano45Yeast2.pdf>]

pdfTeX warning: /usr/local/texlive/2011/bin/x86_64-darwin/pdflatex (file ./Heat
map_colorkey.pdf): PDF inclusion: found PDF version <1.6>, but at most version 
<1.5> allowed
<Heatmap_colorkey.pdf, id=803, 722.7pt x 178.0793pt>
File: Heatmap_colorkey.pdf Graphic file (type pdf)

<use Heatmap_colorkey.pdf>
Package pdftex.def Info: Heatmap_colorkey.pdf used on input line 882.
(pdftex.def)             Requested size: 198.7425pt x 48.9706pt.


pdfTeX warning: /usr/local/texlive/2011/bin/x86_64-darwin/pdflatex (file ./Heat
mapYeast1.pdf): PDF inclusion: found PDF version <1.6>, but at most version <1.
5> allowed
<HeatmapYeast1.pdf, id=804, 643.20299pt x 664.88402pt>
File: HeatmapYeast1.pdf Graphic file (type pdf)
 <use HeatmapYeast1.pdf>
Package pdftex.def Info: HeatmapYeast1.pdf used on input line 886.
(pdftex.def)             Requested size: 162.6075pt x 168.08733pt.


pdfTeX warning: /usr/local/texlive/2011/bin/x86_64-darwin/pdflatex (file ./Heat
mapYeast2.pdf): PDF inclusion: found PDF version <1.6>, but at most version <1.
5> allowed
<HeatmapYeast2.pdf, id=805, 643.20299pt x 664.85187pt>
File: HeatmapYeast2.pdf Graphic file (type pdf)
 <use HeatmapYeast2.pdf>
Package pdftex.def Info: HeatmapYeast2.pdf used on input line 887.
(pdftex.def)             Requested size: 162.6075pt x 168.0792pt.


pdfTeX warning: /usr/local/texlive/2011/bin/x86_64-darwin/pdflatex (file ./Heat
map45Yeast1.pdf): PDF inclusion: found PDF version <1.6>, but at most version <
1.5> allowed
<Heatmap45Yeast1.pdf, id=806, 643.20299pt x 664.88402pt>
File: Heatmap45Yeast1.pdf Graphic file (type pdf)

<use Heatmap45Yeast1.pdf>
Package pdftex.def Info: Heatmap45Yeast1.pdf used on input line 889.
(pdftex.def)             Requested size: 162.6075pt x 168.08733pt.


pdfTeX warning: /usr/local/texlive/2011/bin/x86_64-darwin/pdflatex (file ./Heat
map45Yeast2.pdf): PDF inclusion: found PDF version <1.6>, but at most version <
1.5> allowed
<Heatmap45Yeast2.pdf, id=807, 643.17076pt x 664.88402pt>
File: Heatmap45Yeast2.pdf Graphic file (type pdf)

<use Heatmap45Yeast2.pdf>
Package pdftex.def Info: Heatmap45Yeast2.pdf used on input line 890.
(pdftex.def)             Requested size: 162.6075pt x 168.09747pt.


LaTeX Warning: `!h' float specifier changed to `!ht'.


Overfull \vbox (21.68121pt too high) has occurred while \output is active []


[26

]
Overfull \vbox (21.68121pt too high) has occurred while \output is active []


[27 <./Heatmap_colorkey.pdf> <./HeatmapYeast1.pdf> <./HeatmapYeast2.pdf> <./Hea
tmap45Yeast1.pdf> <./Heatmap45Yeast2.pdf>]

pdfTeX warning: /usr/local/texlive/2011/bin/x86_64-darwin/pdflatex (file ./comp
arison1.pdf): PDF inclusion: found PDF version <1.6>, but at most version <1.5>
 allowed
<comparison1.pdf, id=851, 505.89pt x 505.89pt>
File: comparison1.pdf Graphic file (type pdf)
 <use comparison1.pdf>
Package pdftex.def Info: comparison1.pdf used on input line 926.
(pdftex.def)             Requested size: 162.6075pt x 162.60599pt.


pdfTeX warning: /usr/local/texlive/2011/bin/x86_64-darwin/pdflatex (file ./comp
arison2.pdf): PDF inclusion: found PDF version <1.6>, but at most version <1.5>
 allowed
<comparison2.pdf, id=852, 505.89pt x 505.89pt>
File: comparison2.pdf Graphic file (type pdf)
 <use comparison2.pdf>
Package pdftex.def Info: comparison2.pdf used on input line 927.
(pdftex.def)             Requested size: 162.6075pt x 162.60599pt.

Overfull \vbox (21.68121pt too high) has occurred while \output is active []


[28

 <./comparison1.pdf> <./comparison2.pdf>]
Overfull \vbox (21.68121pt too high) has occurred while \output is active []


[29

]
Overfull \vbox (21.68121pt too high) has occurred while \output is active []


[30] <SampleSizeReplicateYeast.pdf, id=881, 505.89pt x 505.89pt>
File: SampleSizeReplicateYeast.pdf Graphic file (type pdf)

<use SampleSizeReplicateYeast.pdf>
Package pdftex.def Info: SampleSizeReplicateYeast.pdf used on input line 1051.
(pdftex.def)             Requested size: 162.6075pt x 162.60599pt.
 <power.pdf, id=882, 505.89pt x 505.89pt>
File: power.pdf Graphic file (type pdf)

<use power.pdf>
Package pdftex.def Info: power.pdf used on input line 1065.
(pdftex.def)             Requested size: 162.6075pt x 162.60599pt.

Overfull \vbox (21.68121pt too high) has occurred while \output is active []


[31 <./SampleSizeReplicateYeast.pdf> <./power.pdf>]
Underfull \hbox (badness 10000) in paragraph at lines 1087--1088

 []


Overfull \vbox (21.68121pt too high) has occurred while \output is active []


[32]
Overfull \vbox (21.68121pt too high) has occurred while \output is active []


[33]
Overfull \vbox (21.68121pt too high) has occurred while \output is active []


[34

]

pdfTeX warning: /usr/local/texlive/2011/bin/x86_64-darwin/pdflatex (file ./LCMS
_ProfilePlot.pdf): PDF inclusion: found PDF version <1.6>, but at most version 
<1.5> allowed
<LCMS_ProfilePlot.pdf, id=926, 505.89pt x 505.89pt>
File: LCMS_ProfilePlot.pdf Graphic file (type pdf)
 <use LCMS_ProfilePlot.pdf>
Package pdftex.def Info: LCMS_ProfilePlot.pdf used on input line 1246.
(pdftex.def)             Requested size: 180.67499pt x 180.67676pt.


LaTeX Warning: `!h' float specifier changed to `!ht'.


Overfull \vbox (21.68121pt too high) has occurred while \output is active []


[35]
Overfull \vbox (21.68121pt too high) has occurred while \output is active []


[36 <./LCMS_ProfilePlot.pdf>]

pdfTeX warning: /usr/local/texlive/2011/bin/x86_64-darwin/pdflatex (file ./LCMS
_unequal_ResidualPlot.pdf): PDF inclusion: found PDF version <1.6>, but at most
 version <1.5> allowed
<LCMS_unequal_ResidualPlot.pdf, id=955, 505.89pt x 505.89pt>
File: LCMS_unequal_ResidualPlot.pdf Graphic file (type pdf)

<use LCMS_unequal_ResidualPlot.pdf>
Package pdftex.def Info: LCMS_unequal_ResidualPlot.pdf used on input line 1323.

(pdftex.def)             Requested size: 162.6075pt x 162.60599pt.


pdfTeX warning: /usr/local/texlive/2011/bin/x86_64-darwin/pdflatex (file ./LCMS
_Heatmap.pdf): PDF inclusion: found PDF version <1.6>, but at most version <1.5
> allowed
<LCMS_Heatmap.pdf, id=958, 722.7pt x 722.7pt>
File: LCMS_Heatmap.pdf Graphic file (type pdf)
 <use LCMS_Heatmap.pdf>
Package pdftex.def Info: LCMS_Heatmap.pdf used on input line 1349.
(pdftex.def)             Requested size: 180.67499pt x 180.67455pt.


LaTeX Warning: `!h' float specifier changed to `!ht'.


Overfull \vbox (21.68121pt too high) has occurred while \output is active []


[37 <./LCMS_unequal_ResidualPlot.pdf>]
Overfull \vbox (21.68121pt too high) has occurred while \output is active []


[38 <./LCMS_Heatmap.pdf>]
Overfull \hbox (23.51404pt too wide) in paragraph at lines 1394--1394
[]\T1/aer/bx/n/14.4 Example: label-free DIA, a group com-par-i-son study of \T1
/aer/m/it/14.4 S.Pyogenes 
 []


Overfull \vbox (21.68121pt too high) has occurred while \output is active []


[39

]

pdfTeX warning: /usr/local/texlive/2011/bin/x86_64-darwin/pdflatex (file ./DIA_
ProfilePlot_269.pdf): PDF inclusion: found PDF version <1.6>, but at most versi
on <1.5> allowed
<DIA_ProfilePlot_269.pdf, id=1002, 505.89pt x 505.89pt>
File: DIA_ProfilePlot_269.pdf Graphic file (type pdf)

<use DIA_ProfilePlot_269.pdf>
Package pdftex.def Info: DIA_ProfilePlot_269.pdf used on input line 1469.
(pdftex.def)             Requested size: 162.6075pt x 162.60599pt.


pdfTeX warning: /usr/local/texlive/2011/bin/x86_64-darwin/pdflatex (file ./DIA_
ProfilePlot_377.pdf): PDF inclusion: found PDF version <1.6>, but at most versi
on <1.5> allowed
<DIA_ProfilePlot_377.pdf, id=1003, 505.89pt x 505.89pt>
File: DIA_ProfilePlot_377.pdf Graphic file (type pdf)

<use DIA_ProfilePlot_377.pdf>
Package pdftex.def Info: DIA_ProfilePlot_377.pdf used on input line 1470.
(pdftex.def)             Requested size: 162.6075pt x 162.60599pt.

Overfull \vbox (21.68121pt too high) has occurred while \output is active []


[40 <./DIA_ProfilePlot_269.pdf> <./DIA_ProfilePlot_377.pdf>]

pdfTeX warning: /usr/local/texlive/2011/bin/x86_64-darwin/pdflatex (file ./DIA_
constant_ResidualPlot4.pdf): PDF inclusion: found PDF version <1.6>, but at mos
t version <1.5> allowed
<DIA_constant_ResidualPlot4.pdf, id=1056, 505.89pt x 476.98201pt>
File: DIA_constant_ResidualPlot4.pdf Graphic file (type pdf)

<use DIA_constant_ResidualPlot4.pdf>
Package pdftex.def Info: DIA_constant_ResidualPlot4.pdf used on input line 1538
.
(pdftex.def)             Requested size: 162.6075pt x 153.31422pt.


pdfTeX warning: /usr/local/texlive/2011/bin/x86_64-darwin/pdflatex (file ./DIA_
constant_QQPlot4.pdf): PDF inclusion: found PDF version <1.6>, but at most vers
ion <1.5> allowed
<DIA_constant_QQPlot4.pdf, id=1057, 492.759pt x 457.1203pt>
File: DIA_constant_QQPlot4.pdf Graphic file (type pdf)

<use DIA_constant_QQPlot4.pdf>
Package pdftex.def Info: DIA_constant_QQPlot4.pdf used on input line 1539.
(pdftex.def)             Requested size: 162.6075pt x 150.84319pt.

<SWATH_QQPlot_perFeature.pdf, id=1058, 431.03091pt x 186.39143pt>
File: SWATH_QQPlot_perFeature.pdf Graphic file (type pdf)

<use SWATH_QQPlot_perFeature.pdf>
Package pdftex.def Info: SWATH_QQPlot_perFeature.pdf used on input line 1541.
(pdftex.def)             Requested size: 307.14749pt x 132.82802pt.


LaTeX Warning: `!h' float specifier changed to `!ht'.


Overfull \vbox (21.68121pt too high) has occurred while \output is active []


[41]
Overfull \vbox (21.68121pt too high) has occurred while \output is active []


[42 <./DIA_constant_ResidualPlot4.pdf> <./DIA_constant_QQPlot4.pdf> <./SWATH_QQ
Plot_perFeature.pdf>]
<StatModel_labelbased.pdf, id=1110, 544.91164pt x 641.0604pt>
File: StatModel_labelbased.pdf Graphic file (type pdf)

<use StatModel_labelbased.pdf>
Package pdftex.def Info: StatModel_labelbased.pdf used on input line 1642.
(pdftex.def)             Requested size: 433.62pt x 510.12968pt.


LaTeX Warning: `!h' float specifier changed to `!ht'.


Overfull \vbox (21.68121pt too high) has occurred while \output is active []


[43

]
Overfull \vbox (21.68121pt too high) has occurred while \output is active []


[44 <./StatModel_labelbased.pdf>]
Overfull \vbox (21.68121pt too high) has occurred while \output is active []


[45] <StatModel_labelfree.pdf, id=1177, 453.92885pt x 639.35928pt>
File: StatModel_labelfree.pdf Graphic file (type pdf)

<use StatModel_labelfree.pdf>
Package pdftex.def Info: StatModel_labelfree.pdf used on input line 1698.
(pdftex.def)             Requested size: 361.34999pt x 508.98087pt.


LaTeX Warning: `!h' float specifier changed to `!ht'.


Overfull \vbox (21.68121pt too high) has occurred while \output is active []


[46

]
Overfull \vbox (21.68121pt too high) has occurred while \output is active []


[47 <./StatModel_labelfree.pdf>]
Overfull \vbox (21.68121pt too high) has occurred while \output is active []


[48] (./MSstats.bbl (./MSstats.brf)
\tf@brf=\write6
\openout6 = `MSstats.brf'.

)
Package atveryend Info: Empty hook `BeforeClearDocument' on input line 1748.

Overfull \vbox (21.68121pt too high) has occurred while \output is active []


[49

]
Package atveryend Info: Empty hook `AfterLastShipout' on input line 1748.
 (./MSstats.aux)
Package atveryend Info: Executing hook `AtVeryEndDocument' on input line 1748.
Package atveryend Info: Executing hook `AtEndAfterFileList' on input line 1748.

Package rerunfilecheck Info: File `MSstats.out' has not changed.
(rerunfilecheck)             Checksum: 80F31C5682C50ED1DFEE3BC17CFBCAFD;4798.
Package rerunfilecheck Info: File `MSstats.brf' has not changed.
(rerunfilecheck)             Checksum: 029FEA2A5641667057C392623F1433C4;777.
Package atveryend Info: Empty hook `AtVeryVeryEnd' on input line 1748.
 ) 
Here is how much of TeX's memory you used:
 7763 strings out of 493633
 112986 string characters out of 3143378
 205087 words of memory out of 3000000
 10673 multiletter control sequences out of 15000+200000
 64067 words of font info for 143 fonts, out of 3000000 for 9000
 831 hyphenation exceptions out of 8191
 35i,12n,32p,1626b,573s stack positions out of 5000i,500n,10000p,200000b,50000s
{/usr/local/texlive/2011/texmf-dist/fonts/enc/dvips/cm-super/cm-super-ts1.enc
}</usr/local/texlive/2011/texmf-dist/fonts/type1/public/amsfonts/cm/cmbx10.pfb>
</usr/local/texlive/2011/texmf-dist/fonts/type1/public/amsfonts/cm/cmbx12.pfb><
/usr/local/texlive/2011/texmf-dist/fonts/type1/public/amsfonts/cm/cmbx7.pfb></u
sr/local/texlive/2011/texmf-dist/fonts/type1/public/amsfonts/cm/cmbx9.pfb></usr
/local/texlive/2011/texmf-dist/fonts/type1/public/amsfonts/cmextra/cmex9.pfb></
usr/local/texlive/2011/texmf-dist/fonts/type1/public/amsfonts/cm/cmmi10.pfb></u
sr/local/texlive/2011/texmf-dist/fonts/type1/public/amsfonts/cm/cmmi6.pfb></usr
/local/texlive/2011/texmf-dist/fonts/type1/public/amsfonts/cm/cmmi8.pfb></usr/l
ocal/texlive/2011/texmf-dist/fonts/type1/public/amsfonts/cm/cmmi9.pfb></usr/loc
al/texlive/2011/texmf-dist/fonts/type1/public/amsfonts/cm/cmr10.pfb></usr/local
/texlive/2011/texmf-dist/fonts/type1/public/amsfonts/cm/cmr12.pfb></usr/local/t
exlive/2011/texmf-dist/fonts/type1/public/amsfonts/cm/cmr17.pfb></usr/local/tex
live/2011/texmf-dist/fonts/type1/public/amsfonts/cm/cmr6.pfb></usr/local/texliv
e/2011/texmf-dist/fonts/type1/public/amsfonts/cm/cmr7.pfb></usr/local/texlive/2
011/texmf-dist/fonts/type1/public/amsfonts/cm/cmr8.pfb></usr/local/texlive/2011
/texmf-dist/fonts/type1/public/amsfonts/cm/cmr9.pfb></usr/local/texlive/2011/te
xmf-dist/fonts/type1/public/amsfonts/cm/cmsltt10.pfb></usr/local/texlive/2011/t
exmf-dist/fonts/type1/public/amsfonts/cm/cmsy10.pfb></usr/local/texlive/2011/te
xmf-dist/fonts/type1/public/amsfonts/cm/cmsy6.pfb></usr/local/texlive/2011/texm
f-dist/fonts/type1/public/amsfonts/cm/cmsy8.pfb></usr/local/texlive/2011/texmf-
dist/fonts/type1/public/amsfonts/cm/cmsy9.pfb></usr/local/texlive/2011/texmf-di
st/fonts/type1/public/amsfonts/cm/cmti10.pfb></usr/local/texlive/2011/texmf-dis
t/fonts/type1/public/amsfonts/cm/cmti12.pfb></usr/local/texlive/2011/texmf-dist
/fonts/type1/public/amsfonts/cm/cmti7.pfb></usr/local/texlive/2011/texmf-dist/f
onts/type1/public/amsfonts/cm/cmtt10.pfb></usr/local/texlive/2011/texmf-dist/fo
nts/type1/public/amsfonts/cm/cmtt12.pfb></usr/local/texlive/2011/texmf-dist/fon
ts/type1/public/amsfonts/cm/cmtt9.pfb></usr/local/texlive/2011/texmf-dist/fonts
/type1/public/cm-super/sfrm1095.pfb>
Output written on MSstats.pdf (49 pages, 1252882 bytes).
PDF statistics:
 1366 PDF objects out of 1440 (max. 8388607)
 1112 compressed objects within 12 object streams
 157 named destinations out of 1000 (max. 500000)
 603 words of extra memory for PDF output out of 10000 (max. 10000000)

